<?xml version="1.0" encoding="UTF-8"?>
<!-- Generated by org.testng.reporters.JUnitReportReporter -->
<testsuite skipped="0" hostname="DESKTOP-78BGRDR" name="com.bookit.tests.APIDay1" tests="9" failures="0" timestamp="12 Jan 2019 21:25:03 GMT" time="7.728" errors="0">
  <testcase name="verifyContentType" time="0.110" classname="com.bookit.tests.APIDay1"/>
  <testcase name="simpleStatusCode" time="0.481" classname="com.bookit.tests.APIDay1"/>
  <testcase name="negativeGetWithBody" time="3.095" classname="com.bookit.tests.APIDay1"/>
  <testcase name="verifyHowManyRegions" time="0.199" classname="com.bookit.tests.APIDay1"/>
  <testcase name="getWithHeaders" time="2.084" classname="com.bookit.tests.APIDay1"/>
  <testcase name="verifyFirstName" time="0.635" classname="com.bookit.tests.APIDay1"/>
  <testcase name="negativeGet" time="0.443" classname="com.bookit.tests.APIDay1"/>
  <testcase name="printResponse" time="0.366" classname="com.bookit.tests.APIDay1"/>
  <testcase name="verifyLNJI" time="0.315" classname="com.bookit.tests.APIDay1"/>
</testsuite> <!-- com.bookit.tests.APIDay1 -->
