<?xml version="1.0" encoding="UTF-8"?>
<!-- Generated by org.testng.reporters.JUnitReportReporter -->
<testsuite skipped="0" hostname="DESKTOP-78BGRDR" name="com.bookit.tests.APIDay2" tests="1" failures="0" timestamp="15 Jan 2019 20:09:57 GMT" time="2.208" errors="0">
  <testcase name="Task01" time="2.208" classname="com.bookit.tests.APIDay2"/>
</testsuite> <!-- com.bookit.tests.APIDay2 -->
